Starting parse
Entering state 0
Stack now 0
Reading a token
Next token is token PROGRAMA ()
Shifting token PROGRAMA ()
Entering state 1
Stack now 0 1
Reading a token
Next token is token ID ()
Shifting token ID ()
Entering state 3
Stack now 0 1 3
Reading a token
Next token is token '.' ()
Shifting token '.' ()
Entering state 5
Stack now 0 1 3 5
Reading a token
Next token is token INICIO ()
Shifting token INICIO ()
Entering state 6
Stack now 0 1 3 5 6
Reducing stack by rule 2 (line 47):
-> $$ = nterm sentencias ()
Entering state 7
Stack now 0 1 3 5 6 7
Reading a token
Next token is token '*' ()
Error de sintaxis: syntax error
Error: popping nterm sentencias ()
Stack now 0 1 3 5 6
Error: popping token INICIO ()
Stack now 0 1 3 5
Error: popping token '.' ()
Stack now 0 1 3
Error: popping token ID ()
Stack now 0 1
Error: popping token PROGRAMA ()
Stack now 0
Cleanup: discarding lookahead token '*' ()
Stack now 0
