State 14 conflicts: 1 shift/reduce


Grammar

    0 $accept: programa $end

    1 programa: PROGRAMA ID '.' INICIO sentencias FIN '.'

    2 sentencias: ε
    3           | sentencias sentencia

    4 sentencia: bucle '.'
    5          | comparar '.'
    6          | asignar '.'
    7          | io '.'
    8          | arit '.'

    9 bucle: MIENTRAS condicion HACER sentencias FINMIENTRAS
   10      | EJECUTA NUM VECES USANDO ID sentencias FIN_EJECUTA
   11      | EJECUTA ID VECES USANDO ID sentencias FIN_EJECUTA
   12      | EJECUTA sentencias FIN_EJECUTA HASTAQUE condicion

   13 comparar: SI condicion ENTONCES sentencias SINO sentencias FINSI
   14         | SI condicion ENTONCES sentencias FINSI

   15 asignar: ID '=' expresion
   16        | CALCULA ID '=' expresion FIN_CALCULA
   17        | CALCULA ID COMO expresion
   18        | MUEVE NUM A ID

   19 arit: SUMA listaValores targetOpt optDando
   20     | RESTA listaValores targetOpt optDando
   21     | MULTIPLICA listaValores targetOpt optDando
   22     | DIVIDE listaValores targetOpt optDando

   23 targetOpt: target
   24          | ε

   25 target: DE ID
   26       | A ID
   27       | POR ID

   28 optDando: DANDO ID
   29         | ε

   30 listaValores: expresion
   31             | listaValores expresion

   32 io: LEE ID
   33   | MOSTRAR listaExpresiones

   34 listaExpresiones: expresion
   35                 | listaExpresiones ',' expresion

   36 expresion: ID
   37          | NUM
   38          | CAD
   39          | expresion '*' expresion
   40          | expresion '/' expresion
   41          | expresion '+' expresion
   42          | expresion '-' expresion

   43 condicion: expresion ES IGUAL A expresion
   44          | expresion ES MAYOR QUE expresion
   45          | expresion ES MENOR QUE expresion
   46          | expresion '<' expresion
   47          | expresion '>' expresion
   48          | expresion '=' expresion


Terminals, with rules where they appear

    $end (0) 0
    '*' (42) 39
    '+' (43) 41
    ',' (44) 35
    '-' (45) 42
    '.' (46) 1 4 5 6 7 8
    '/' (47) 40
    '<' (60) 46
    '=' (61) 15 16 48
    '>' (62) 47
    error (256)
    NUM <num> (258) 10 18 37
    ID <id> (259) 1 10 11 15 16 17 18 25 26 27 28 32 36
    CAD <cad> (260) 38
    PROGRAMA (261) 1
    INICIO (262) 1
    FIN (263) 1
    LEE (264) 32
    MOSTRAR (265) 33
    SI (266) 13 14
    ENTONCES (267) 13 14
    SINO (268) 13
    MIENTRAS (269) 9
    HACER (270) 9
    FINMIENTRAS (271) 9
    EJECUTA (272) 10 11 12
    VECES (273) 10 11
    USANDO (274) 10 11
    FIN_EJECUTA (275) 10 11 12
    FINSI (276) 13 14
    HASTAQUE (277) 12
    CALCULA (278) 16 17
    FIN_CALCULA (279) 16
    MUEVE (280) 18
    A (281) 18 26 43
    DE (282) 25
    COMO (283) 17
    POR (284) 27
    ES (285) 43 44 45
    IGUAL (286) 43
    MAYOR (287) 44
    MENOR (288) 45
    QUE (289) 44 45
    SUMA (290) 19
    RESTA (291) 20
    MULTIPLICA (292) 21
    DIVIDE (293) 22
    DANDO (294) 28


Nonterminals, with rules where they appear

    $accept (49)
        on left: 0
    programa (50)
        on left: 1
        on right: 0
    sentencias (51)
        on left: 2 3
        on right: 1 3 9 10 11 12 13 14
    sentencia (52)
        on left: 4 5 6 7 8
        on right: 3
    bucle (53)
        on left: 9 10 11 12
        on right: 4
    comparar (54)
        on left: 13 14
        on right: 5
    asignar (55)
        on left: 15 16 17 18
        on right: 6
    arit (56)
        on left: 19 20 21 22
        on right: 8
    targetOpt <id> (57)
        on left: 23 24
        on right: 19 20 21 22
    target <id> (58)
        on left: 25 26 27
        on right: 23
    optDando <id> (59)
        on left: 28 29
        on right: 19 20 21 22
    listaValores <num> (60)
        on left: 30 31
        on right: 19 20 21 22 31
    io (61)
        on left: 32 33
        on right: 7
    listaExpresiones <num> (62)
        on left: 34 35
        on right: 33 35
    expresion (63)
        on left: 36 37 38 39 40 41 42
        on right: 15 16 17 30 31 34 35 39 40 41 42 43 44 45 46 47 48
    condicion (64)
        on left: 43 44 45 46 47 48
        on right: 9 12 13 14


State 0

    0 $accept: • programa $end

    PROGRAMA  shift, and go to state 1

    programa  go to state 2


State 1

    1 programa: PROGRAMA • ID '.' INICIO sentencias FIN '.'

    ID  shift, and go to state 3


State 2

    0 $accept: programa • $end

    $end  shift, and go to state 4


State 3

    1 programa: PROGRAMA ID • '.' INICIO sentencias FIN '.'

    '.'  shift, and go to state 5


State 4

    0 $accept: programa $end •

    $default  accept


State 5

    1 programa: PROGRAMA ID '.' • INICIO sentencias FIN '.'

    INICIO  shift, and go to state 6


State 6

    1 programa: PROGRAMA ID '.' INICIO • sentencias FIN '.'

    $default  reduce using rule 2 (sentencias)

    sentencias  go to state 7


State 7

    1 programa: PROGRAMA ID '.' INICIO sentencias • FIN '.'
    3 sentencias: sentencias • sentencia

    ID          shift, and go to state 8
    FIN         shift, and go to state 9
    LEE         shift, and go to state 10
    MOSTRAR     shift, and go to state 11
    SI          shift, and go to state 12
    MIENTRAS    shift, and go to state 13
    EJECUTA     shift, and go to state 14
    CALCULA     shift, and go to state 15
    MUEVE       shift, and go to state 16
    SUMA        shift, and go to state 17
    RESTA       shift, and go to state 18
    MULTIPLICA  shift, and go to state 19
    DIVIDE      shift, and go to state 20

    sentencia  go to state 21
    bucle      go to state 22
    comparar   go to state 23
    asignar    go to state 24
    arit       go to state 25
    io         go to state 26


State 8

   15 asignar: ID • '=' expresion

    '='  shift, and go to state 27


State 9

    1 programa: PROGRAMA ID '.' INICIO sentencias FIN • '.'

    '.'  shift, and go to state 28


State 10

   32 io: LEE • ID

    ID  shift, and go to state 29


State 11

   33 io: MOSTRAR • listaExpresiones

    NUM  shift, and go to state 30
    ID   shift, and go to state 31
    CAD  shift, and go to state 32

    listaExpresiones  go to state 33
    expresion         go to state 34


State 12

   13 comparar: SI • condicion ENTONCES sentencias SINO sentencias FINSI
   14         | SI • condicion ENTONCES sentencias FINSI

    NUM  shift, and go to state 30
    ID   shift, and go to state 31
    CAD  shift, and go to state 32

    expresion  go to state 35
    condicion  go to state 36


State 13

    9 bucle: MIENTRAS • condicion HACER sentencias FINMIENTRAS

    NUM  shift, and go to state 30
    ID   shift, and go to state 31
    CAD  shift, and go to state 32

    expresion  go to state 35
    condicion  go to state 37


State 14

   10 bucle: EJECUTA • NUM VECES USANDO ID sentencias FIN_EJECUTA
   11      | EJECUTA • ID VECES USANDO ID sentencias FIN_EJECUTA
   12      | EJECUTA • sentencias FIN_EJECUTA HASTAQUE condicion

    NUM  shift, and go to state 38
    ID   shift, and go to state 39

    ID        [reduce using rule 2 (sentencias)]
    $default  reduce using rule 2 (sentencias)

    sentencias  go to state 40


State 15

   16 asignar: CALCULA • ID '=' expresion FIN_CALCULA
   17        | CALCULA • ID COMO expresion

    ID  shift, and go to state 41


State 16

   18 asignar: MUEVE • NUM A ID

    NUM  shift, and go to state 42


State 17

   19 arit: SUMA • listaValores targetOpt optDando

    NUM  shift, and go to state 30
    ID   shift, and go to state 31
    CAD  shift, and go to state 32

    listaValores  go to state 43
    expresion     go to state 44


State 18

   20 arit: RESTA • listaValores targetOpt optDando

    NUM  shift, and go to state 30
    ID   shift, and go to state 31
    CAD  shift, and go to state 32

    listaValores  go to state 45
    expresion     go to state 44


State 19

   21 arit: MULTIPLICA • listaValores targetOpt optDando

    NUM  shift, and go to state 30
    ID   shift, and go to state 31
    CAD  shift, and go to state 32

    listaValores  go to state 46
    expresion     go to state 44


State 20

   22 arit: DIVIDE • listaValores targetOpt optDando

    NUM  shift, and go to state 30
    ID   shift, and go to state 31
    CAD  shift, and go to state 32

    listaValores  go to state 47
    expresion     go to state 44


State 21

    3 sentencias: sentencias sentencia •

    $default  reduce using rule 3 (sentencias)


State 22

    4 sentencia: bucle • '.'

    '.'  shift, and go to state 48


State 23

    5 sentencia: comparar • '.'

    '.'  shift, and go to state 49


State 24

    6 sentencia: asignar • '.'

    '.'  shift, and go to state 50


State 25

    8 sentencia: arit • '.'

    '.'  shift, and go to state 51


State 26

    7 sentencia: io • '.'

    '.'  shift, and go to state 52


State 27

   15 asignar: ID '=' • expresion

    NUM  shift, and go to state 30
    ID   shift, and go to state 31
    CAD  shift, and go to state 32

    expresion  go to state 53


State 28

    1 programa: PROGRAMA ID '.' INICIO sentencias FIN '.' •

    $default  reduce using rule 1 (programa)


State 29

   32 io: LEE ID •

    $default  reduce using rule 32 (io)


State 30

   37 expresion: NUM •

    $default  reduce using rule 37 (expresion)


State 31

   36 expresion: ID •

    $default  reduce using rule 36 (expresion)


State 32

   38 expresion: CAD •

    $default  reduce using rule 38 (expresion)


State 33

   33 io: MOSTRAR listaExpresiones •
   35 listaExpresiones: listaExpresiones • ',' expresion

    ','  shift, and go to state 54

    $default  reduce using rule 33 (io)


State 34

   34 listaExpresiones: expresion •
   39 expresion: expresion • '*' expresion
   40          | expresion • '/' expresion
   41          | expresion • '+' expresion
   42          | expresion • '-' expresion

    '+'  shift, and go to state 55
    '-'  shift, and go to state 56
    '*'  shift, and go to state 57
    '/'  shift, and go to state 58

    $default  reduce using rule 34 (listaExpresiones)


State 35

   39 expresion: expresion • '*' expresion
   40          | expresion • '/' expresion
   41          | expresion • '+' expresion
   42          | expresion • '-' expresion
   43 condicion: expresion • ES IGUAL A expresion
   44          | expresion • ES MAYOR QUE expresion
   45          | expresion • ES MENOR QUE expresion
   46          | expresion • '<' expresion
   47          | expresion • '>' expresion
   48          | expresion • '=' expresion

    ES   shift, and go to state 59
    '+'  shift, and go to state 55
    '-'  shift, and go to state 56
    '*'  shift, and go to state 57
    '/'  shift, and go to state 58
    '='  shift, and go to state 60
    '<'  shift, and go to state 61
    '>'  shift, and go to state 62


State 36

   13 comparar: SI condicion • ENTONCES sentencias SINO sentencias FINSI
   14         | SI condicion • ENTONCES sentencias FINSI

    ENTONCES  shift, and go to state 63


State 37

    9 bucle: MIENTRAS condicion • HACER sentencias FINMIENTRAS

    HACER  shift, and go to state 64


State 38

   10 bucle: EJECUTA NUM • VECES USANDO ID sentencias FIN_EJECUTA

    VECES  shift, and go to state 65


State 39

   11 bucle: EJECUTA ID • VECES USANDO ID sentencias FIN_EJECUTA

    VECES  shift, and go to state 66


State 40

    3 sentencias: sentencias • sentencia
   12 bucle: EJECUTA sentencias • FIN_EJECUTA HASTAQUE condicion

    ID           shift, and go to state 8
    LEE          shift, and go to state 10
    MOSTRAR      shift, and go to state 11
    SI           shift, and go to state 12
    MIENTRAS     shift, and go to state 13
    EJECUTA      shift, and go to state 14
    FIN_EJECUTA  shift, and go to state 67
    CALCULA      shift, and go to state 15
    MUEVE        shift, and go to state 16
    SUMA         shift, and go to state 17
    RESTA        shift, and go to state 18
    MULTIPLICA   shift, and go to state 19
    DIVIDE       shift, and go to state 20

    sentencia  go to state 21
    bucle      go to state 22
    comparar   go to state 23
    asignar    go to state 24
    arit       go to state 25
    io         go to state 26


State 41

   16 asignar: CALCULA ID • '=' expresion FIN_CALCULA
   17        | CALCULA ID • COMO expresion

    COMO  shift, and go to state 68
    '='   shift, and go to state 69


State 42

   18 asignar: MUEVE NUM • A ID

    A  shift, and go to state 70


State 43

   19 arit: SUMA listaValores • targetOpt optDando
   31 listaValores: listaValores • expresion

    NUM  shift, and go to state 30
    ID   shift, and go to state 31
    CAD  shift, and go to state 32
    A    shift, and go to state 71
    DE   shift, and go to state 72
    POR  shift, and go to state 73

    $default  reduce using rule 24 (targetOpt)

    targetOpt  go to state 74
    target     go to state 75
    expresion  go to state 76


State 44

   30 listaValores: expresion •
   39 expresion: expresion • '*' expresion
   40          | expresion • '/' expresion
   41          | expresion • '+' expresion
   42          | expresion • '-' expresion

    '+'  shift, and go to state 55
    '-'  shift, and go to state 56
    '*'  shift, and go to state 57
    '/'  shift, and go to state 58

    $default  reduce using rule 30 (listaValores)


State 45

   20 arit: RESTA listaValores • targetOpt optDando
   31 listaValores: listaValores • expresion

    NUM  shift, and go to state 30
    ID   shift, and go to state 31
    CAD  shift, and go to state 32
    A    shift, and go to state 71
    DE   shift, and go to state 72
    POR  shift, and go to state 73

    $default  reduce using rule 24 (targetOpt)

    targetOpt  go to state 77
    target     go to state 75
    expresion  go to state 76


State 46

   21 arit: MULTIPLICA listaValores • targetOpt optDando
   31 listaValores: listaValores • expresion

    NUM  shift, and go to state 30
    ID   shift, and go to state 31
    CAD  shift, and go to state 32
    A    shift, and go to state 71
    DE   shift, and go to state 72
    POR  shift, and go to state 73

    $default  reduce using rule 24 (targetOpt)

    targetOpt  go to state 78
    target     go to state 75
    expresion  go to state 76


State 47

   22 arit: DIVIDE listaValores • targetOpt optDando
   31 listaValores: listaValores • expresion

    NUM  shift, and go to state 30
    ID   shift, and go to state 31
    CAD  shift, and go to state 32
    A    shift, and go to state 71
    DE   shift, and go to state 72
    POR  shift, and go to state 73

    $default  reduce using rule 24 (targetOpt)

    targetOpt  go to state 79
    target     go to state 75
    expresion  go to state 76


State 48

    4 sentencia: bucle '.' •

    $default  reduce using rule 4 (sentencia)


State 49

    5 sentencia: comparar '.' •

    $default  reduce using rule 5 (sentencia)


State 50

    6 sentencia: asignar '.' •

    $default  reduce using rule 6 (sentencia)


State 51

    8 sentencia: arit '.' •

    $default  reduce using rule 8 (sentencia)


State 52

    7 sentencia: io '.' •

    $default  reduce using rule 7 (sentencia)


State 53

   15 asignar: ID '=' expresion •
   39 expresion: expresion • '*' expresion
   40          | expresion • '/' expresion
   41          | expresion • '+' expresion
   42          | expresion • '-' expresion

    '+'  shift, and go to state 55
    '-'  shift, and go to state 56
    '*'  shift, and go to state 57
    '/'  shift, and go to state 58

    $default  reduce using rule 15 (asignar)


State 54

   35 listaExpresiones: listaExpresiones ',' • expresion

    NUM  shift, and go to state 30
    ID   shift, and go to state 31
    CAD  shift, and go to state 32

    expresion  go to state 80


State 55

   41 expresion: expresion '+' • expresion

    NUM  shift, and go to state 30
    ID   shift, and go to state 31
    CAD  shift, and go to state 32

    expresion  go to state 81


State 56

   42 expresion: expresion '-' • expresion

    NUM  shift, and go to state 30
    ID   shift, and go to state 31
    CAD  shift, and go to state 32

    expresion  go to state 82


State 57

   39 expresion: expresion '*' • expresion

    NUM  shift, and go to state 30
    ID   shift, and go to state 31
    CAD  shift, and go to state 32

    expresion  go to state 83


State 58

   40 expresion: expresion '/' • expresion

    NUM  shift, and go to state 30
    ID   shift, and go to state 31
    CAD  shift, and go to state 32

    expresion  go to state 84


State 59

   43 condicion: expresion ES • IGUAL A expresion
   44          | expresion ES • MAYOR QUE expresion
   45          | expresion ES • MENOR QUE expresion

    IGUAL  shift, and go to state 85
    MAYOR  shift, and go to state 86
    MENOR  shift, and go to state 87


State 60

   48 condicion: expresion '=' • expresion

    NUM  shift, and go to state 30
    ID   shift, and go to state 31
    CAD  shift, and go to state 32

    expresion  go to state 88


State 61

   46 condicion: expresion '<' • expresion

    NUM  shift, and go to state 30
    ID   shift, and go to state 31
    CAD  shift, and go to state 32

    expresion  go to state 89


State 62

   47 condicion: expresion '>' • expresion

    NUM  shift, and go to state 30
    ID   shift, and go to state 31
    CAD  shift, and go to state 32

    expresion  go to state 90


State 63

   13 comparar: SI condicion ENTONCES • sentencias SINO sentencias FINSI
   14         | SI condicion ENTONCES • sentencias FINSI

    $default  reduce using rule 2 (sentencias)

    sentencias  go to state 91


State 64

    9 bucle: MIENTRAS condicion HACER • sentencias FINMIENTRAS

    $default  reduce using rule 2 (sentencias)

    sentencias  go to state 92


State 65

   10 bucle: EJECUTA NUM VECES • USANDO ID sentencias FIN_EJECUTA

    USANDO  shift, and go to state 93


State 66

   11 bucle: EJECUTA ID VECES • USANDO ID sentencias FIN_EJECUTA

    USANDO  shift, and go to state 94


State 67

   12 bucle: EJECUTA sentencias FIN_EJECUTA • HASTAQUE condicion

    HASTAQUE  shift, and go to state 95


State 68

   17 asignar: CALCULA ID COMO • expresion

    NUM  shift, and go to state 30
    ID   shift, and go to state 31
    CAD  shift, and go to state 32

    expresion  go to state 96


State 69

   16 asignar: CALCULA ID '=' • expresion FIN_CALCULA

    NUM  shift, and go to state 30
    ID   shift, and go to state 31
    CAD  shift, and go to state 32

    expresion  go to state 97


State 70

   18 asignar: MUEVE NUM A • ID

    ID  shift, and go to state 98


State 71

   26 target: A • ID

    ID  shift, and go to state 99


State 72

   25 target: DE • ID

    ID  shift, and go to state 100


State 73

   27 target: POR • ID

    ID  shift, and go to state 101


State 74

   19 arit: SUMA listaValores targetOpt • optDando

    DANDO  shift, and go to state 102

    $default  reduce using rule 29 (optDando)

    optDando  go to state 103


State 75

   23 targetOpt: target •

    $default  reduce using rule 23 (targetOpt)


State 76

   31 listaValores: listaValores expresion •
   39 expresion: expresion • '*' expresion
   40          | expresion • '/' expresion
   41          | expresion • '+' expresion
   42          | expresion • '-' expresion

    '+'  shift, and go to state 55
    '-'  shift, and go to state 56
    '*'  shift, and go to state 57
    '/'  shift, and go to state 58

    $default  reduce using rule 31 (listaValores)


State 77

   20 arit: RESTA listaValores targetOpt • optDando

    DANDO  shift, and go to state 102

    $default  reduce using rule 29 (optDando)

    optDando  go to state 104


State 78

   21 arit: MULTIPLICA listaValores targetOpt • optDando

    DANDO  shift, and go to state 102

    $default  reduce using rule 29 (optDando)

    optDando  go to state 105


State 79

   22 arit: DIVIDE listaValores targetOpt • optDando

    DANDO  shift, and go to state 102

    $default  reduce using rule 29 (optDando)

    optDando  go to state 106


State 80

   35 listaExpresiones: listaExpresiones ',' expresion •
   39 expresion: expresion • '*' expresion
   40          | expresion • '/' expresion
   41          | expresion • '+' expresion
   42          | expresion • '-' expresion

    '+'  shift, and go to state 55
    '-'  shift, and go to state 56
    '*'  shift, and go to state 57
    '/'  shift, and go to state 58

    $default  reduce using rule 35 (listaExpresiones)


State 81

   39 expresion: expresion • '*' expresion
   40          | expresion • '/' expresion
   41          | expresion • '+' expresion
   41          | expresion '+' expresion •
   42          | expresion • '-' expresion

    '*'  shift, and go to state 57
    '/'  shift, and go to state 58

    $default  reduce using rule 41 (expresion)


State 82

   39 expresion: expresion • '*' expresion
   40          | expresion • '/' expresion
   41          | expresion • '+' expresion
   42          | expresion • '-' expresion
   42          | expresion '-' expresion •

    '*'  shift, and go to state 57
    '/'  shift, and go to state 58

    $default  reduce using rule 42 (expresion)


State 83

   39 expresion: expresion • '*' expresion
   39          | expresion '*' expresion •
   40          | expresion • '/' expresion
   41          | expresion • '+' expresion
   42          | expresion • '-' expresion

    $default  reduce using rule 39 (expresion)


State 84

   39 expresion: expresion • '*' expresion
   40          | expresion • '/' expresion
   40          | expresion '/' expresion •
   41          | expresion • '+' expresion
   42          | expresion • '-' expresion

    $default  reduce using rule 40 (expresion)


State 85

   43 condicion: expresion ES IGUAL • A expresion

    A  shift, and go to state 107


State 86

   44 condicion: expresion ES MAYOR • QUE expresion

    QUE  shift, and go to state 108


State 87

   45 condicion: expresion ES MENOR • QUE expresion

    QUE  shift, and go to state 109


State 88

   39 expresion: expresion • '*' expresion
   40          | expresion • '/' expresion
   41          | expresion • '+' expresion
   42          | expresion • '-' expresion
   48 condicion: expresion '=' expresion •

    '+'  shift, and go to state 55
    '-'  shift, and go to state 56
    '*'  shift, and go to state 57
    '/'  shift, and go to state 58

    $default  reduce using rule 48 (condicion)


State 89

   39 expresion: expresion • '*' expresion
   40          | expresion • '/' expresion
   41          | expresion • '+' expresion
   42          | expresion • '-' expresion
   46 condicion: expresion '<' expresion •

    '+'  shift, and go to state 55
    '-'  shift, and go to state 56
    '*'  shift, and go to state 57
    '/'  shift, and go to state 58

    $default  reduce using rule 46 (condicion)


State 90

   39 expresion: expresion • '*' expresion
   40          | expresion • '/' expresion
   41          | expresion • '+' expresion
   42          | expresion • '-' expresion
   47 condicion: expresion '>' expresion •

    '+'  shift, and go to state 55
    '-'  shift, and go to state 56
    '*'  shift, and go to state 57
    '/'  shift, and go to state 58

    $default  reduce using rule 47 (condicion)


State 91

    3 sentencias: sentencias • sentencia
   13 comparar: SI condicion ENTONCES sentencias • SINO sentencias FINSI
   14         | SI condicion ENTONCES sentencias • FINSI

    ID          shift, and go to state 8
    LEE         shift, and go to state 10
    MOSTRAR     shift, and go to state 11
    SI          shift, and go to state 12
    SINO        shift, and go to state 110
    MIENTRAS    shift, and go to state 13
    EJECUTA     shift, and go to state 14
    FINSI       shift, and go to state 111
    CALCULA     shift, and go to state 15
    MUEVE       shift, and go to state 16
    SUMA        shift, and go to state 17
    RESTA       shift, and go to state 18
    MULTIPLICA  shift, and go to state 19
    DIVIDE      shift, and go to state 20

    sentencia  go to state 21
    bucle      go to state 22
    comparar   go to state 23
    asignar    go to state 24
    arit       go to state 25
    io         go to state 26


State 92

    3 sentencias: sentencias • sentencia
    9 bucle: MIENTRAS condicion HACER sentencias • FINMIENTRAS

    ID           shift, and go to state 8
    LEE          shift, and go to state 10
    MOSTRAR      shift, and go to state 11
    SI           shift, and go to state 12
    MIENTRAS     shift, and go to state 13
    FINMIENTRAS  shift, and go to state 112
    EJECUTA      shift, and go to state 14
    CALCULA      shift, and go to state 15
    MUEVE        shift, and go to state 16
    SUMA         shift, and go to state 17
    RESTA        shift, and go to state 18
    MULTIPLICA   shift, and go to state 19
    DIVIDE       shift, and go to state 20

    sentencia  go to state 21
    bucle      go to state 22
    comparar   go to state 23
    asignar    go to state 24
    arit       go to state 25
    io         go to state 26


State 93

   10 bucle: EJECUTA NUM VECES USANDO • ID sentencias FIN_EJECUTA

    ID  shift, and go to state 113


State 94

   11 bucle: EJECUTA ID VECES USANDO • ID sentencias FIN_EJECUTA

    ID  shift, and go to state 114


State 95

   12 bucle: EJECUTA sentencias FIN_EJECUTA HASTAQUE • condicion

    NUM  shift, and go to state 30
    ID   shift, and go to state 31
    CAD  shift, and go to state 32

    expresion  go to state 35
    condicion  go to state 115


State 96

   17 asignar: CALCULA ID COMO expresion •
   39 expresion: expresion • '*' expresion
   40          | expresion • '/' expresion
   41          | expresion • '+' expresion
   42          | expresion • '-' expresion

    '+'  shift, and go to state 55
    '-'  shift, and go to state 56
    '*'  shift, and go to state 57
    '/'  shift, and go to state 58

    $default  reduce using rule 17 (asignar)


State 97

   16 asignar: CALCULA ID '=' expresion • FIN_CALCULA
   39 expresion: expresion • '*' expresion
   40          | expresion • '/' expresion
   41          | expresion • '+' expresion
   42          | expresion • '-' expresion

    FIN_CALCULA  shift, and go to state 116
    '+'          shift, and go to state 55
    '-'          shift, and go to state 56
    '*'          shift, and go to state 57
    '/'          shift, and go to state 58


State 98

   18 asignar: MUEVE NUM A ID •

    $default  reduce using rule 18 (asignar)


State 99

   26 target: A ID •

    $default  reduce using rule 26 (target)


State 100

   25 target: DE ID •

    $default  reduce using rule 25 (target)


State 101

   27 target: POR ID •

    $default  reduce using rule 27 (target)


State 102

   28 optDando: DANDO • ID

    ID  shift, and go to state 117


State 103

   19 arit: SUMA listaValores targetOpt optDando •

    $default  reduce using rule 19 (arit)


State 104

   20 arit: RESTA listaValores targetOpt optDando •

    $default  reduce using rule 20 (arit)


State 105

   21 arit: MULTIPLICA listaValores targetOpt optDando •

    $default  reduce using rule 21 (arit)


State 106

   22 arit: DIVIDE listaValores targetOpt optDando •

    $default  reduce using rule 22 (arit)


State 107

   43 condicion: expresion ES IGUAL A • expresion

    NUM  shift, and go to state 30
    ID   shift, and go to state 31
    CAD  shift, and go to state 32

    expresion  go to state 118


State 108

   44 condicion: expresion ES MAYOR QUE • expresion

    NUM  shift, and go to state 30
    ID   shift, and go to state 31
    CAD  shift, and go to state 32

    expresion  go to state 119


State 109

   45 condicion: expresion ES MENOR QUE • expresion

    NUM  shift, and go to state 30
    ID   shift, and go to state 31
    CAD  shift, and go to state 32

    expresion  go to state 120


State 110

   13 comparar: SI condicion ENTONCES sentencias SINO • sentencias FINSI

    $default  reduce using rule 2 (sentencias)

    sentencias  go to state 121


State 111

   14 comparar: SI condicion ENTONCES sentencias FINSI •

    $default  reduce using rule 14 (comparar)


State 112

    9 bucle: MIENTRAS condicion HACER sentencias FINMIENTRAS •

    $default  reduce using rule 9 (bucle)


State 113

   10 bucle: EJECUTA NUM VECES USANDO ID • sentencias FIN_EJECUTA

    $default  reduce using rule 2 (sentencias)

    sentencias  go to state 122


State 114

   11 bucle: EJECUTA ID VECES USANDO ID • sentencias FIN_EJECUTA

    $default  reduce using rule 2 (sentencias)

    sentencias  go to state 123


State 115

   12 bucle: EJECUTA sentencias FIN_EJECUTA HASTAQUE condicion •

    $default  reduce using rule 12 (bucle)


State 116

   16 asignar: CALCULA ID '=' expresion FIN_CALCULA •

    $default  reduce using rule 16 (asignar)


State 117

   28 optDando: DANDO ID •

    $default  reduce using rule 28 (optDando)


State 118

   39 expresion: expresion • '*' expresion
   40          | expresion • '/' expresion
   41          | expresion • '+' expresion
   42          | expresion • '-' expresion
   43 condicion: expresion ES IGUAL A expresion •

    '+'  shift, and go to state 55
    '-'  shift, and go to state 56
    '*'  shift, and go to state 57
    '/'  shift, and go to state 58

    $default  reduce using rule 43 (condicion)


State 119

   39 expresion: expresion • '*' expresion
   40          | expresion • '/' expresion
   41          | expresion • '+' expresion
   42          | expresion • '-' expresion
   44 condicion: expresion ES MAYOR QUE expresion •

    '+'  shift, and go to state 55
    '-'  shift, and go to state 56
    '*'  shift, and go to state 57
    '/'  shift, and go to state 58

    $default  reduce using rule 44 (condicion)


State 120

   39 expresion: expresion • '*' expresion
   40          | expresion • '/' expresion
   41          | expresion • '+' expresion
   42          | expresion • '-' expresion
   45 condicion: expresion ES MENOR QUE expresion •

    '+'  shift, and go to state 55
    '-'  shift, and go to state 56
    '*'  shift, and go to state 57
    '/'  shift, and go to state 58

    $default  reduce using rule 45 (condicion)


State 121

    3 sentencias: sentencias • sentencia
   13 comparar: SI condicion ENTONCES sentencias SINO sentencias • FINSI

    ID          shift, and go to state 8
    LEE         shift, and go to state 10
    MOSTRAR     shift, and go to state 11
    SI          shift, and go to state 12
    MIENTRAS    shift, and go to state 13
    EJECUTA     shift, and go to state 14
    FINSI       shift, and go to state 124
    CALCULA     shift, and go to state 15
    MUEVE       shift, and go to state 16
    SUMA        shift, and go to state 17
    RESTA       shift, and go to state 18
    MULTIPLICA  shift, and go to state 19
    DIVIDE      shift, and go to state 20

    sentencia  go to state 21
    bucle      go to state 22
    comparar   go to state 23
    asignar    go to state 24
    arit       go to state 25
    io         go to state 26


State 122

    3 sentencias: sentencias • sentencia
   10 bucle: EJECUTA NUM VECES USANDO ID sentencias • FIN_EJECUTA

    ID           shift, and go to state 8
    LEE          shift, and go to state 10
    MOSTRAR      shift, and go to state 11
    SI           shift, and go to state 12
    MIENTRAS     shift, and go to state 13
    EJECUTA      shift, and go to state 14
    FIN_EJECUTA  shift, and go to state 125
    CALCULA      shift, and go to state 15
    MUEVE        shift, and go to state 16
    SUMA         shift, and go to state 17
    RESTA        shift, and go to state 18
    MULTIPLICA   shift, and go to state 19
    DIVIDE       shift, and go to state 20

    sentencia  go to state 21
    bucle      go to state 22
    comparar   go to state 23
    asignar    go to state 24
    arit       go to state 25
    io         go to state 26


State 123

    3 sentencias: sentencias • sentencia
   11 bucle: EJECUTA ID VECES USANDO ID sentencias • FIN_EJECUTA

    ID           shift, and go to state 8
    LEE          shift, and go to state 10
    MOSTRAR      shift, and go to state 11
    SI           shift, and go to state 12
    MIENTRAS     shift, and go to state 13
    EJECUTA      shift, and go to state 14
    FIN_EJECUTA  shift, and go to state 126
    CALCULA      shift, and go to state 15
    MUEVE        shift, and go to state 16
    SUMA         shift, and go to state 17
    RESTA        shift, and go to state 18
    MULTIPLICA   shift, and go to state 19
    DIVIDE       shift, and go to state 20

    sentencia  go to state 21
    bucle      go to state 22
    comparar   go to state 23
    asignar    go to state 24
    arit       go to state 25
    io         go to state 26


State 124

   13 comparar: SI condicion ENTONCES sentencias SINO sentencias FINSI •

    $default  reduce using rule 13 (comparar)


State 125

   10 bucle: EJECUTA NUM VECES USANDO ID sentencias FIN_EJECUTA •

    $default  reduce using rule 10 (bucle)


State 126

   11 bucle: EJECUTA ID VECES USANDO ID sentencias FIN_EJECUTA •

    $default  reduce using rule 11 (bucle)
